*** Starting uWSGI 2.0.18 (64bit) on [Wed Mar 11 23:31:20 2020] ***
compiled with version: 4.8.5 20150623 (Red Hat 4.8.5-39) on 11 March 2020 15:25:54
os: Linux-3.10.0-1062.1.1.el7.x86_64 #1 SMP Fri Sep 13 22:55:44 UTC 2019
nodename: centOS_7
machine: x86_64
clock source: unix
pcre jit disabled
detected number of CPU cores: 1
current working directory: /home/axf
writing pidfile to uwsgi.pid
detected binary path: /home/axf/venv/bin/uwsgi
uWSGI running as root, you can use --uid/--gid/--chroot options
*** WARNING: you are running uWSGI as root !!! (use the --uid flag) *** 
chdir() to /home/axf/axp_01
your processes number limit is 7269
your memory page size is 4096 bytes
detected max file descriptor number: 65535
lock engine: pthread robust mutexes
thunder lock: disabled (you can enable it with --thunder-lock)
probably another instance of uWSGI is running on the same address (0.0.0.0:80).
bind(): Address already in use [core/socket.c line 769]
